  [1m[35m (0.1ms)[0m  [1m[34mSELECT sqlite_version(*)[0m
  ↳ bin/rails:9
  [1m[35m (9.4ms)[0m  [1m[35mCREATE TABLE "schema_migrations" ("version" varchar NOT NULL PRIMARY KEY)[0m
  ↳ bin/rails:9
  [1m[35m (3.6ms)[0m  [1m[35mCREATE TABLE "ar_internal_metadata" ("key" varchar NOT NULL PRIMARY KEY, "value" varchar, "created_at" datetime NOT NULL, "updated_at" datetime NOT NULL)[0m
  ↳ bin/rails:9
  [1m[35m (0.1ms)[0m  [1m[34mSELECT "schema_migrations"."version" FROM "schema_migrations" ORDER BY "schema_migrations"."version" ASC[0m
  ↳ bin/rails:9
Migrating to DeviseCreateUsers (20200830060820)
  [1m[35m (0.0ms)[0m  [1m[36mbegin transaction[0m
  ↳ bin/rails:9
  [1m[35m (0.3ms)[0m  [1m[35mCREATE TABLE "users" ("id" integer PRIMARY KEY AUTOINCREMENT NOT NULL, "email" varchar DEFAULT '' NOT NULL, "encrypted_password" varchar DEFAULT '' NOT NULL, "reset_password_token" varchar, "reset_password_sent_at" datetime, "remember_created_at" datetime, "name" varchar, "introduction" text, "profile_image_id" varchar, "created_at" datetime NOT NULL, "updated_at" datetime NOT NULL)[0m
  ↳ db/migrate/20200830060820_devise_create_users.rb:5
  [1m[35m (0.2ms)[0m  [1m[35mCREATE UNIQUE INDEX "index_users_on_email" ON "users" ("email")[0m
  ↳ db/migrate/20200830060820_devise_create_users.rb:41
  [1m[35m (0.1ms)[0m  [1m[35mCREATE UNIQUE INDEX "index_users_on_reset_password_token" ON "users" ("reset_password_token")[0m
  ↳ db/migrate/20200830060820_devise_create_users.rb:42
  [1m[36mActiveRecord::SchemaMigration Create (3.2ms)[0m  [1m[32mINSERT INTO "schema_migrations" ("version") VALUES (?)[0m  [["version", "20200830060820"]]
  ↳ bin/rails:9
  [1m[35m (4.8ms)[0m  [1m[36mcommit transaction[0m
  ↳ bin/rails:9
Migrating to CreateBooks (20200830062142)
  [1m[35m (0.0ms)[0m  [1m[36mbegin transaction[0m
  ↳ bin/rails:9
  [1m[35m (0.2ms)[0m  [1m[35mCREATE TABLE "books" ("id" integer PRIMARY KEY AUTOINCREMENT NOT NULL, "title" varchar, "body" text, "user_id" integer, "created_at" datetime NOT NULL, "updated_at" datetime NOT NULL)[0m
  ↳ db/migrate/20200830062142_create_books.rb:3
  [1m[36mActiveRecord::SchemaMigration Create (0.1ms)[0m  [1m[32mINSERT INTO "schema_migrations" ("version") VALUES (?)[0m  [["version", "20200830062142"]]
  ↳ bin/rails:9
  [1m[35m (4.6ms)[0m  [1m[36mcommit transaction[0m
  ↳ bin/rails:9
Migrating to AddTitleToUsers (20210602043034)
  [1m[35m (0.1ms)[0m  [1m[36mbegin transaction[0m
  ↳ bin/rails:9
  [1m[35m (0.3ms)[0m  [1m[35mALTER TABLE "users" ADD "title" varchar[0m
  ↳ db/migrate/20210602043034_add_title_to_users.rb:3
  [1m[36mActiveRecord::SchemaMigration Create (0.1ms)[0m  [1m[32mINSERT INTO "schema_migrations" ("version") VALUES (?)[0m  [["version", "20210602043034"]]
  ↳ bin/rails:9
  [1m[35m (4.9ms)[0m  [1m[36mcommit transaction[0m
  ↳ bin/rails:9
Migrating to AddProfileImageIdToBooks (20210602053126)
  [1m[35m (0.0ms)[0m  [1m[36mbegin transaction[0m
  ↳ bin/rails:9
  [1m[35m (0.2ms)[0m  [1m[35mALTER TABLE "books" ADD "profile_image_id" integer[0m
  ↳ db/migrate/20210602053126_add_profile_image_id_to_books.rb:3
  [1m[36mActiveRecord::SchemaMigration Create (0.1ms)[0m  [1m[32mINSERT INTO "schema_migrations" ("version") VALUES (?)[0m  [["version", "20210602053126"]]
  ↳ bin/rails:9
  [1m[35m (5.4ms)[0m  [1m[36mcommit transaction[0m
  ↳ bin/rails:9
Migrating to CreateFavorites (20210602065002)
  [1m[35m (0.0ms)[0m  [1m[36mbegin transaction[0m
  ↳ bin/rails:9
  [1m[35m (0.3ms)[0m  [1m[35mCREATE TABLE "favorites" ("id" integer PRIMARY KEY AUTOINCREMENT NOT NULL, "user_id" integer, "book_id" integer, "created_at" datetime NOT NULL, "updated_at" datetime NOT NULL)[0m
  ↳ db/migrate/20210602065002_create_favorites.rb:3
  [1m[36mActiveRecord::SchemaMigration Create (0.1ms)[0m  [1m[32mINSERT INTO "schema_migrations" ("version") VALUES (?)[0m  [["version", "20210602065002"]]
  ↳ bin/rails:9
  [1m[35m (5.2ms)[0m  [1m[36mcommit transaction[0m
  ↳ bin/rails:9
Migrating to CreateBookComments (20210602095710)
  [1m[35m (0.0ms)[0m  [1m[36mbegin transaction[0m
  ↳ bin/rails:9
  [1m[35m (0.2ms)[0m  [1m[35mCREATE TABLE "book_comments" ("id" integer PRIMARY KEY AUTOINCREMENT NOT NULL, "comment" text, "user_id" integer, "book_id" integer, "created_at" datetime NOT NULL, "updated_at" datetime NOT NULL)[0m
  ↳ db/migrate/20210602095710_create_book_comments.rb:3
  [1m[36mActiveRecord::SchemaMigration Create (0.1ms)[0m  [1m[32mINSERT INTO "schema_migrations" ("version") VALUES (?)[0m  [["version", "20210602095710"]]
  ↳ bin/rails:9
  [1m[35m (5.0ms)[0m  [1m[36mcommit transaction[0m
  ↳ bin/rails:9
  [1m[36mActiveRecord::InternalMetadata Load (0.1ms)[0m  [1m[34mSELECT  "ar_internal_metadata".* FROM "ar_internal_metadata" WHERE "ar_internal_metadata"."key" = ? LIMIT ?[0m  [["key", "environment"], ["LIMIT", 1]]
  ↳ bin/rails:9
  [1m[35m (0.1ms)[0m  [1m[36mbegin transaction[0m
  ↳ bin/rails:9
  [1m[36mActiveRecord::InternalMetadata Create (1.2ms)[0m  [1m[32mINSERT INTO "ar_internal_metadata" ("key", "value", "created_at", "updated_at") VALUES (?, ?, ?, ?)[0m  [["key", "environment"], ["value", "development"], ["created_at", "2021-06-03 12:17:13.253296"], ["updated_at", "2021-06-03 12:17:13.253296"]]
  ↳ bin/rails:9
  [1m[35m (4.5ms)[0m  [1m[36mcommit transaction[0m
  ↳ bin/rails:9
  [1m[35m (0.1ms)[0m  [1m[34mSELECT "schema_migrations"."version" FROM "schema_migrations" ORDER BY "schema_migrations"."version" ASC[0m
  ↳ bin/rails:9
Started GET "/" for 153.188.37.133 at 2021-06-03 12:17:34 +0000
Cannot render console from 153.188.37.133! Allowed networks: 127.0.0.1, ::1, 127.0.0.0/127.255.255.255
  [1m[35m (0.1ms)[0m  [1m[34mSELECT "schema_migrations"."version" FROM "schema_migrations" ORDER BY "schema_migrations"."version" ASC[0m
  ↳ /home/ec2-user/.rvm/gems/ruby-2.6.3/gems/activerecord-5.2.5/lib/active_record/log_subscriber.rb:98
Processing by HomesController#top as HTML
  Rendering homes/top.html.erb within layouts/application
  Rendered homes/top.html.erb within layouts/application (2.1ms)
Started GET "/" for 153.188.37.133 at 2021-06-03 12:17:40 +0000
Cannot render console from 153.188.37.133! Allowed networks: 127.0.0.1, ::1, 127.0.0.0/127.255.255.255
Processing by HomesController#top as HTML
  Rendering homes/top.html.erb within layouts/application
  Rendered homes/top.html.erb within layouts/application (0.6ms)
  Rendered layouts/_header.html.erb (3.1ms)
  Rendered layouts/_footer.html.erb (0.3ms)
Completed 200 OK in 10118ms (Views: 10095.4ms | ActiveRecord: 0.0ms)


  Rendered layouts/_header.html.erb (3.9ms)
  Rendered layouts/_footer.html.erb (0.2ms)
Completed 200 OK in 4805ms (Views: 4803.9ms | ActiveRecord: 0.0ms)


Started GET "/users/sign_in" for 153.188.37.133 at 2021-06-03 12:17:48 +0000
Cannot render console from 153.188.37.133! Allowed networks: 127.0.0.1, ::1, 127.0.0.0/127.255.255.255
Processing by Devise::SessionsController#new as HTML
  Rendering devise/sessions/new.html.erb within layouts/application
  Rendered devise/shared/_links.html.erb (2.9ms)
  Rendered devise/sessions/new.html.erb within layouts/application (43.8ms)
  Rendered layouts/_header.html.erb (4.0ms)
  Rendered layouts/_footer.html.erb (0.2ms)
Completed 200 OK in 158ms (Views: 139.2ms | ActiveRecord: 0.6ms)


Started GET "/users/sign_up" for 153.188.37.133 at 2021-06-03 12:17:52 +0000
Cannot render console from 153.188.37.133! Allowed networks: 127.0.0.1, ::1, 127.0.0.0/127.255.255.255
Processing by Devise::RegistrationsController#new as HTML
  Rendering devise/registrations/new.html.erb within layouts/application
  Rendered devise/shared/_error_messages.html.erb (0.4ms)
  Rendered devise/shared/_links.html.erb (0.8ms)
  Rendered devise/registrations/new.html.erb within layouts/application (13.9ms)
  Rendered layouts/_header.html.erb (0.8ms)
  Rendered layouts/_footer.html.erb (0.2ms)
Completed 200 OK in 121ms (Views: 119.5ms | ActiveRecord: 0.0ms)


Started POST "/users" for 153.188.37.133 at 2021-06-03 12:18:12 +0000
Cannot render console from 153.188.37.133! Allowed networks: 127.0.0.1, ::1, 127.0.0.0/127.255.255.255
Processing by Devise::RegistrationsController#create as HTML
  Parameters: {"utf8"=>"✓", "authenticity_token"=>"dSVQKFayV1QSghLfzImNMastpzxi2TdlTqG3Aocqa83HzycFBTYUnDwyJIfyVoFDyROkhDfWdLY7slx07E57AA", "user"=>{"name"=>"テスト", "email"=>"a@a", "password"=>"[FILTERED]", "password_confirmation"=>"[FILTERED]"}, "commit"=>"Sign up"}
  [1m[35m (0.1ms)[0m  [1m[36mbegin transaction[0m
  ↳ /home/ec2-user/.rvm/gems/ruby-2.6.3/gems/activerecord-5.2.5/lib/active_record/log_subscriber.rb:98
  [1m[36mUser Exists (0.2ms)[0m  [1m[34mSELECT  1 AS one FROM "users" WHERE "users"."email" = ? LIMIT ?[0m  [["email", "a@a"], ["LIMIT", 1]]
  ↳ /home/ec2-user/.rvm/gems/ruby-2.6.3/gems/activerecord-5.2.5/lib/active_record/log_subscriber.rb:98
  [1m[36mUser Exists (0.1ms)[0m  [1m[34mSELECT  1 AS one FROM "users" WHERE "users"."name" = ? LIMIT ?[0m  [["name", "テスト"], ["LIMIT", 1]]
  ↳ /home/ec2-user/.rvm/gems/ruby-2.6.3/gems/activerecord-5.2.5/lib/active_record/log_subscriber.rb:98
  [1m[36mUser Create (1.1ms)[0m  [1m[32mINSERT INTO "users" ("email", "encrypted_password", "name", "created_at", "updated_at") VALUES (?, ?, ?, ?, ?)[0m  [["email", "a@a"], ["encrypted_password", "$2a$12$52LSND/WgXfwNFC69RCJSepJtraobULfQGl20C9P0SG8/eTzKdCf6"], ["name", "テスト"], ["created_at", "2021-06-03 12:18:13.091656"], ["updated_at", "2021-06-03 12:18:13.091656"]]
  ↳ /home/ec2-user/.rvm/gems/ruby-2.6.3/gems/activerecord-5.2.5/lib/active_record/log_subscriber.rb:98
  [1m[35m (5.7ms)[0m  [1m[36mcommit transaction[0m
  ↳ /home/ec2-user/.rvm/gems/ruby-2.6.3/gems/activerecord-5.2.5/lib/active_record/log_subscriber.rb:98
Redirected to https://b0848ceeba0f4a48a4efd43b967d9669.vfs.cloud9.us-east-1.amazonaws.com/users/1
Completed 302 Found in 361ms (ActiveRecord: 7.2ms)


Started GET "/users/1" for 153.188.37.133 at 2021-06-03 12:18:13 +0000
Cannot render console from 153.188.37.133! Allowed networks: 127.0.0.1, ::1, 127.0.0.0/127.255.255.255
Processing by UsersController#show as HTML
  Parameters: {"id"=>"1"}
  [1m[36mUser Load (1.3ms)[0m  [1m[34mSELECT  "users".* FROM "users" WHERE "users"."id" = ? ORDER BY "users"."id" ASC LIMIT ?[0m  [["id", 1], ["LIMIT", 1]]
  ↳ /home/ec2-user/.rvm/gems/ruby-2.6.3/gems/activerecord-5.2.5/lib/active_record/log_subscriber.rb:98
  [1m[36mUser Load (0.1ms)[0m  [1m[34mSELECT  "users".* FROM "users" WHERE "users"."id" = ? LIMIT ?[0m  [["id", 1], ["LIMIT", 1]]
  ↳ app/controllers/users_controller.rb:5
  Rendering users/show.html.erb within layouts/application
  Rendered users/_info.html.erb (1.4ms)
  Rendered books/_form.html.erb (6.4ms)
  [1m[36mBook Load (0.2ms)[0m  [1m[34mSELECT "books".* FROM "books" WHERE "books"."user_id" = ?[0m  [["user_id", 1]]
  ↳ app/views/books/_index.html.erb:11
  Rendered books/_index.html.erb (6.4ms)
  Rendered users/show.html.erb within layouts/application (20.5ms)
  Rendered layouts/_header.html.erb (0.8ms)
  Rendered layouts/_footer.html.erb (0.2ms)
Completed 200 OK in 154ms (Views: 108.3ms | ActiveRecord: 2.1ms)


Started POST "/books" for 153.188.37.133 at 2021-06-03 12:18:23 +0000
Cannot render console from 153.188.37.133! Allowed networks: 127.0.0.1, ::1, 127.0.0.0/127.255.255.255
Processing by BooksController#create as HTML
  Parameters: {"utf8"=>"✓", "authenticity_token"=>"kCxAgY6CXNhr5PDUv_wMlT77ZJwZr2t_MYlp7ynUl5D9Go4YYgcN9UkL8uOXZIo5MEtxFG5bdT77oRSt9ZSiJA", "book"=>{"title"=>"テスト", "body"=>"テスト"}, "commit"=>"Create Book"}
  [1m[36mUser Load (0.1ms)[0m  [1m[34mSELECT  "users".* FROM "users" WHERE "users"."id" = ? ORDER BY "users"."id" ASC LIMIT ?[0m  [["id", 1], ["LIMIT", 1]]
  ↳ /home/ec2-user/.rvm/gems/ruby-2.6.3/gems/activerecord-5.2.5/lib/active_record/log_subscriber.rb:98
  [1m[35m (0.1ms)[0m  [1m[36mbegin transaction[0m
  ↳ app/controllers/books_controller.rb:20
  [1m[36mUser Load (0.1ms)[0m  [1m[34mSELECT  "users".* FROM "users" WHERE "users"."id" = ? LIMIT ?[0m  [["id", 1], ["LIMIT", 1]]
  ↳ app/controllers/books_controller.rb:20
  [1m[36mBook Create (1.9ms)[0m  [1m[32mINSERT INTO "books" ("title", "body", "user_id", "created_at", "updated_at") VALUES (?, ?, ?, ?, ?)[0m  [["title", "テスト"], ["body", "テスト"], ["user_id", 1], ["created_at", "2021-06-03 12:18:23.803987"], ["updated_at", "2021-06-03 12:18:23.803987"]]
  ↳ app/controllers/books_controller.rb:20
  [1m[35m (6.1ms)[0m  [1m[36mcommit transaction[0m
  ↳ app/controllers/books_controller.rb:20
Redirected to https://b0848ceeba0f4a48a4efd43b967d9669.vfs.cloud9.us-east-1.amazonaws.com/books/1
Completed 302 Found in 32ms (ActiveRecord: 8.3ms)


Started GET "/books/1" for 153.188.37.133 at 2021-06-03 12:18:24 +0000
Cannot render console from 153.188.37.133! Allowed networks: 127.0.0.1, ::1, 127.0.0.0/127.255.255.255
Processing by BooksController#show as HTML
  Parameters: {"id"=>"1"}
  [1m[36mUser Load (0.1ms)[0m  [1m[34mSELECT  "users".* FROM "users" WHERE "users"."id" = ? ORDER BY "users"."id" ASC LIMIT ?[0m  [["id", 1], ["LIMIT", 1]]
  ↳ /home/ec2-user/.rvm/gems/ruby-2.6.3/gems/activerecord-5.2.5/lib/active_record/log_subscriber.rb:98
  [1m[36mBook Load (0.1ms)[0m  [1m[34mSELECT  "books".* FROM "books" WHERE "books"."id" = ? LIMIT ?[0m  [["id", 1], ["LIMIT", 1]]
  ↳ app/controllers/books_controller.rb:6
  [1m[36mUser Load (0.1ms)[0m  [1m[34mSELECT  "users".* FROM "users" WHERE "users"."id" = ? LIMIT ?[0m  [["id", 1], ["LIMIT", 1]]
  ↳ app/controllers/books_controller.rb:7
  Rendering books/show.html.erb within layouts/application
  Rendered users/_info.html.erb (2.6ms)
  Rendered books/_form.html.erb (1.6ms)
  [1m[36mCACHE User Load (0.0ms)[0m  [1m[34mSELECT  "users".* FROM "users" WHERE "users"."id" = ? LIMIT ?[0m  [["id", 1], ["LIMIT", 1]]
  ↳ app/views/books/show.html.erb:14
  [1m[36mFavorite Exists (1.6ms)[0m  [1m[34mSELECT  1 AS one FROM "favorites" WHERE "favorites"."book_id" = ? AND "favorites"."user_id" = ? LIMIT ?[0m  [["book_id", 1], ["user_id", 1], ["LIMIT", 1]]
  ↳ app/models/book.rb:8
  [1m[35m (0.1ms)[0m  [1m[34mSELECT COUNT(*) FROM "favorites" WHERE "favorites"."book_id" = ?[0m  [["book_id", 1]]
  ↳ app/views/favorites/_favorite.html.erb:12
  Rendered favorites/_favorite.html.erb (13.4ms)
  [1m[35m (0.1ms)[0m  [1m[34mSELECT COUNT(*) FROM "book_comments" WHERE "book_comments"."book_id" = ?[0m  [["book_id", 1]]
  ↳ app/views/books/show.html.erb:27
  [1m[36mBookComment Load (0.1ms)[0m  [1m[34mSELECT "book_comments".* FROM "book_comments" WHERE "book_comments"."book_id" = ?[0m  [["book_id", 1]]
  ↳ app/views/book_comments/_comment.html.erb:2
  Rendered book_comments/_comment.html.erb (3.0ms)
  Rendered books/show.html.erb within layouts/application (38.4ms)
  Rendered layouts/_header.html.erb (4.0ms)
  Rendered layouts/_footer.html.erb (0.2ms)
Completed 200 OK in 141ms (Views: 120.5ms | ActiveRecord: 3.0ms)


Started POST "/books/1/favorites" for 153.188.37.133 at 2021-06-03 12:18:25 +0000
Cannot render console from 153.188.37.133! Allowed networks: 127.0.0.1, ::1, 127.0.0.0/127.255.255.255
Processing by FavoritesController#create as HTML
  Parameters: {"authenticity_token"=>"xkAtXBMsAWBq0ajTPx5lZUa4_WkQsDtXch3wRyGjnuSrduPF_6lQTUg-quQXhuPJSAjo4WdEJRa4NY0F_eOrUA", "book_id"=>"1"}
  [1m[36mUser Load (0.1ms)[0m  [1m[34mSELECT  "users".* FROM "users" WHERE "users"."id" = ? ORDER BY "users"."id" ASC LIMIT ?[0m  [["id", 1], ["LIMIT", 1]]
  ↳ /home/ec2-user/.rvm/gems/ruby-2.6.3/gems/activerecord-5.2.5/lib/active_record/log_subscriber.rb:98
  [1m[36mBook Load (0.1ms)[0m  [1m[34mSELECT  "books".* FROM "books" WHERE "books"."id" = ? LIMIT ?[0m  [["id", 1], ["LIMIT", 1]]
  ↳ app/controllers/favorites_controller.rb:4
  [1m[35m (0.1ms)[0m  [1m[36mbegin transaction[0m
  ↳ app/controllers/favorites_controller.rb:6
  [1m[36mBook Load (0.1ms)[0m  [1m[34mSELECT  "books".* FROM "books" WHERE "books"."id" = ? LIMIT ?[0m  [["id", 1], ["LIMIT", 1]]
  ↳ app/controllers/favorites_controller.rb:6
  [1m[36mFavorite Exists (0.1ms)[0m  [1m[34mSELECT  1 AS one FROM "favorites" WHERE "favorites"."book_id" = ? AND "favorites"."user_id" = ? LIMIT ?[0m  [["book_id", 1], ["user_id", 1], ["LIMIT", 1]]
  ↳ app/controllers/favorites_controller.rb:6
  [1m[36mFavorite Create (0.9ms)[0m  [1m[32mINSERT INTO "favorites" ("user_id", "book_id", "created_at", "updated_at") VALUES (?, ?, ?, ?)[0m  [["user_id", 1], ["book_id", 1], ["created_at", "2021-06-03 12:18:25.985015"], ["updated_at", "2021-06-03 12:18:25.985015"]]
  ↳ app/controllers/favorites_controller.rb:6
  [1m[35m (4.5ms)[0m  [1m[36mcommit transaction[0m
  ↳ app/controllers/favorites_controller.rb:6
Redirected to https://b0848ceeba0f4a48a4efd43b967d9669.vfs.cloud9.us-east-1.amazonaws.com/books/1
Completed 302 Found in 52ms (ActiveRecord: 6.2ms)


Started GET "/books/1" for 153.188.37.133 at 2021-06-03 12:18:26 +0000
Cannot render console from 153.188.37.133! Allowed networks: 127.0.0.1, ::1, 127.0.0.0/127.255.255.255
Processing by BooksController#show as HTML
  Parameters: {"id"=>"1"}
  [1m[36mUser Load (0.1ms)[0m  [1m[34mSELECT  "users".* FROM "users" WHERE "users"."id" = ? ORDER BY "users"."id" ASC LIMIT ?[0m  [["id", 1], ["LIMIT", 1]]
  ↳ /home/ec2-user/.rvm/gems/ruby-2.6.3/gems/activerecord-5.2.5/lib/active_record/log_subscriber.rb:98
  [1m[36mBook Load (0.1ms)[0m  [1m[34mSELECT  "books".* FROM "books" WHERE "books"."id" = ? LIMIT ?[0m  [["id", 1], ["LIMIT", 1]]
  ↳ app/controllers/books_controller.rb:6
  [1m[36mUser Load (0.1ms)[0m  [1m[34mSELECT  "users".* FROM "users" WHERE "users"."id" = ? LIMIT ?[0m  [["id", 1], ["LIMIT", 1]]
  ↳ app/controllers/books_controller.rb:7
  Rendering books/show.html.erb within layouts/application
  Rendered users/_info.html.erb (3.6ms)
  Rendered books/_form.html.erb (2.9ms)
  [1m[36mCACHE User Load (0.0ms)[0m  [1m[34mSELECT  "users".* FROM "users" WHERE "users"."id" = ? LIMIT ?[0m  [["id", 1], ["LIMIT", 1]]
  ↳ app/views/books/show.html.erb:14
  [1m[36mFavorite Exists (0.2ms)[0m  [1m[34mSELECT  1 AS one FROM "favorites" WHERE "favorites"."book_id" = ? AND "favorites"."user_id" = ? LIMIT ?[0m  [["book_id", 1], ["user_id", 1], ["LIMIT", 1]]
  ↳ app/models/book.rb:8
  [1m[35m (0.1ms)[0m  [1m[34mSELECT COUNT(*) FROM "favorites" WHERE "favorites"."book_id" = ?[0m  [["book_id", 1]]
  ↳ app/views/favorites/_favorite.html.erb:5
  Rendered favorites/_favorite.html.erb (9.4ms)
  [1m[35m (0.1ms)[0m  [1m[34mSELECT COUNT(*) FROM "book_comments" WHERE "book_comments"."book_id" = ?[0m  [["book_id", 1]]
  ↳ app/views/books/show.html.erb:27
  [1m[36mBookComment Load (0.1ms)[0m  [1m[34mSELECT "book_comments".* FROM "book_comments" WHERE "book_comments"."book_id" = ?[0m  [["book_id", 1]]
  ↳ app/views/book_comments/_comment.html.erb:2
  Rendered book_comments/_comment.html.erb (3.6ms)
  Rendered books/show.html.erb within layouts/application (31.5ms)
  Rendered layouts/_header.html.erb (0.8ms)
  Rendered layouts/_footer.html.erb (0.2ms)
Completed 200 OK in 131ms (Views: 124.2ms | ActiveRecord: 0.8ms)


Started GET "/books" for 153.188.37.133 at 2021-06-03 12:18:29 +0000
Cannot render console from 153.188.37.133! Allowed networks: 127.0.0.1, ::1, 127.0.0.0/127.255.255.255
Processing by BooksController#index as HTML
  [1m[36mUser Load (0.1ms)[0m  [1m[34mSELECT  "users".* FROM "users" WHERE "users"."id" = ? ORDER BY "users"."id" ASC LIMIT ?[0m  [["id", 1], ["LIMIT", 1]]
  ↳ /home/ec2-user/.rvm/gems/ruby-2.6.3/gems/activerecord-5.2.5/lib/active_record/log_subscriber.rb:98
  Rendering books/index.html.erb within layouts/application
  Rendered layouts/_errors.html.erb (0.4ms)
  Rendered users/_info.html.erb (1.3ms)
  Rendered books/_form.html.erb (1.8ms)
  [1m[36mBook Load (0.2ms)[0m  [1m[34mSELECT "books".* FROM "books"[0m
  ↳ app/views/books/_index.html.erb:11
  [1m[36mUser Load (0.1ms)[0m  [1m[34mSELECT  "users".* FROM "users" WHERE "users"."id" = ? LIMIT ?[0m  [["id", 1], ["LIMIT", 1]]
  ↳ app/views/books/_index.html.erb:13
  [1m[36mFavorite Exists (0.1ms)[0m  [1m[34mSELECT  1 AS one FROM "favorites" WHERE "favorites"."book_id" = ? AND "favorites"."user_id" = ? LIMIT ?[0m  [["book_id", 1], ["user_id", 1], ["LIMIT", 1]]
  ↳ app/models/book.rb:8
  [1m[35m (0.1ms)[0m  [1m[34mSELECT COUNT(*) FROM "favorites" WHERE "favorites"."book_id" = ?[0m  [["book_id", 1]]
  ↳ app/views/favorites/_favorite.html.erb:5
  Rendered favorites/_favorite.html.erb (6.2ms)
  [1m[35m (0.1ms)[0m  [1m[34mSELECT COUNT(*) FROM "book_comments" WHERE "book_comments"."book_id" = ?[0m  [["book_id", 1]]
  ↳ app/views/books/_index.html.erb:23
  Rendered books/_index.html.erb (16.1ms)
  Rendered books/index.html.erb within layouts/application (35.4ms)
  Rendered layouts/_header.html.erb (0.8ms)
  Rendered layouts/_footer.html.erb (0.2ms)
Completed 200 OK in 140ms (Views: 134.6ms | ActiveRecord: 0.8ms)


